This file contains any messages produced by compilers while
running configure, to aid debugging if configure makes a mistake.

It was created by libvsl configure 0.0.4, which was
generated by GNU Autoconf 2.69.  Invocation command line was

  $ ./configure --build=i686-linux-gnu --prefix=/usr --includedir=${prefix}/include --mandir=${prefix}/share/man --infodir=${prefix}/share/info --sysconfdir=/etc --localstatedir=/var --libexecdir=${prefix}/lib/libvsl --disable-maintainer-mode --disable-dependency-tracking

## --------- ##
## Platform. ##
## --------- ##

hostname = work
uname -m = i686
uname -r = 3.8.0-35-generic
uname -s = Linux
uname -v = #50-Ubuntu SMP Tue Dec 3 01:25:33 UTC 2013

/usr/bin/uname -p = unknown
/bin/uname -X     = unknown

/bin/arch              = unknown
/usr/bin/arch -k       = unknown
/usr/convex/getsysinfo = unknown
/usr/bin/hostinfo      = unknown
/bin/machine           = unknown
/usr/bin/oslevel       = unknown
/bin/universe          = unknown

PATH: /usr/local/sbin
PATH: /usr/local/bin
PATH: /usr/sbin
PATH: /usr/bin
PATH: /sbin
PATH: /bin


## ----------- ##
## Core tests. ##
## ----------- ##

configure:2460: checking for a BSD-compatible install
configure:2528: result: /usr/bin/install -c
configure:2539: checking whether build environment is sane
configure:2589: result: yes
configure:2730: checking for a thread-safe mkdir -p
configure:2769: result: /bin/mkdir -p
configure:2782: checking for gawk
configure:2812: result: no
configure:2782: checking for mawk
configure:2798: found /usr/bin/mawk
configure:2809: result: mawk
configure:2820: checking whether make sets $(MAKE)
configure:2842: result: yes
configure:2990: checking for g++
configure:3006: found /usr/bin/g++
configure:3017: result: g++
configure:3044: checking for C++ compiler version
configure:3053: g++ --version >&5
g++ (Ubuntu/Linaro 4.7.3-1ubuntu1) 4.7.3
Copyright (C) 2012 Free Software Foundation, Inc.
This is free software; see the source for copying conditions.  There is NO
warranty; not even for MERCHANTABILITY or FITNESS FOR A PARTICULAR PURPOSE.

configure:3064: $? = 0
configure:3053: g++ -v >&5
Using built-in specs.
COLLECT_GCC=g++
COLLECT_LTO_WRAPPER=/usr/lib/gcc/i686-linux-gnu/4.7/lto-wrapper
Target: i686-linux-gnu
Configured with: ../src/configure -v --with-pkgversion='Ubuntu/Linaro 4.7.3-1ubuntu1' --with-bugurl=file:///usr/share/doc/gcc-4.7/README.Bugs --enable-languages=c,c++,go,fortran,objc,obj-c++ --prefix=/usr --program-suffix=-4.7 --enable-shared --enable-linker-build-id --libexecdir=/usr/lib --without-included-gettext --enable-threads=posix --with-gxx-include-dir=/usr/include/c++/4.7 --libdir=/usr/lib --enable-nls --with-sysroot=/ --enable-clocale=gnu --enable-libstdcxx-debug --enable-libstdcxx-time=yes --enable-gnu-unique-object --enable-plugin --with-system-zlib --enable-objc-gc --enable-targets=all --with-cloog --enable-cloog-backend=ppl --disable-cloog-version-check --disable-ppl-version-check --enable-multiarch --disable-werror --with-arch-32=i686 --with-multilib-list=m32,m64,mx32 --with-tune=generic --enable-checking=release --build=i686-linux-gnu --host=i686-linux-gnu --target=i686-linux-gnu
Thread model: posix
gcc version 4.7.3 (Ubuntu/Linaro 4.7.3-1ubuntu1) 
configure:3064: $? = 0
configure:3053: g++ -V >&5
g++: error: unrecognized command line option '-V'
g++: fatal error: no input files
compilation terminated.
configure:3064: $? = 4
configure:3053: g++ -qversion >&5
g++: error: unrecognized command line option '-qversion'
g++: fatal error: no input files
compilation terminated.
configure:3064: $? = 4
configure:3084: checking whether the C++ compiler works
configure:3106: g++    conftest.cpp  >&5
configure:3110: $? = 0
configure:3158: result: yes
configure:3161: checking for C++ compiler default output file name
configure:3163: result: a.out
configure:3169: checking for suffix of executables
configure:3176: g++ -o conftest    conftest.cpp  >&5
configure:3180: $? = 0
configure:3202: result: 
configure:3224: checking whether we are cross compiling
configure:3232: g++ -o conftest    conftest.cpp  >&5
configure:3236: $? = 0
configure:3243: ./conftest
configure:3247: $? = 0
configure:3262: result: no
configure:3267: checking for suffix of object files
configure:3289: g++ -c   conftest.cpp >&5
configure:3293: $? = 0
configure:3314: result: o
configure:3318: checking whether we are using the GNU C++ compiler
configure:3337: g++ -c   conftest.cpp >&5
configure:3337: $? = 0
configure:3346: result: yes
configure:3355: checking whether g++ accepts -g
configure:3375: g++ -c -g  conftest.cpp >&5
configure:3375: $? = 0
configure:3416: result: yes
configure:3450: checking for style of include used by make
configure:3478: result: GNU
configure:3504: checking dependency style of g++
configure:3615: result: none
configure:3678: checking for gcc
configure:3694: found /usr/bin/gcc
configure:3705: result: gcc
configure:3934: checking for C compiler version
configure:3943: gcc --version >&5
gcc (Ubuntu/Linaro 4.7.3-1ubuntu1) 4.7.3
Copyright (C) 2012 Free Software Foundation, Inc.
This is free software; see the source for copying conditions.  There is NO
warranty; not even for MERCHANTABILITY or FITNESS FOR A PARTICULAR PURPOSE.

configure:3954: $? = 0
configure:3943: gcc -v >&5
Using built-in specs.
COLLECT_GCC=gcc
COLLECT_LTO_WRAPPER=/usr/lib/gcc/i686-linux-gnu/4.7/lto-wrapper
Target: i686-linux-gnu
Configured with: ../src/configure -v --with-pkgversion='Ubuntu/Linaro 4.7.3-1ubuntu1' --with-bugurl=file:///usr/share/doc/gcc-4.7/README.Bugs --enable-languages=c,c++,go,fortran,objc,obj-c++ --prefix=/usr --program-suffix=-4.7 --enable-shared --enable-linker-build-id --libexecdir=/usr/lib --without-included-gettext --enable-threads=posix --with-gxx-include-dir=/usr/include/c++/4.7 --libdir=/usr/lib --enable-nls --with-sysroot=/ --enable-clocale=gnu --enable-libstdcxx-debug --enable-libstdcxx-time=yes --enable-gnu-unique-object --enable-plugin --with-system-zlib --enable-objc-gc --enable-targets=all --with-cloog --enable-cloog-backend=ppl --disable-cloog-version-check --disable-ppl-version-check --enable-multiarch --disable-werror --with-arch-32=i686 --with-multilib-list=m32,m64,mx32 --with-tune=generic --enable-checking=release --build=i686-linux-gnu --host=i686-linux-gnu --target=i686-linux-gnu
Thread model: posix
gcc version 4.7.3 (Ubuntu/Linaro 4.7.3-1ubuntu1) 
configure:3954: $? = 0
configure:3943: gcc -V >&5
gcc: error: unrecognized command line option '-V'
gcc: fatal error: no input files
compilation terminated.
configure:3954: $? = 4
configure:3943: gcc -qversion >&5
gcc: error: unrecognized command line option '-qversion'
gcc: fatal error: no input files
compilation terminated.
configure:3954: $? = 4
configure:3958: checking whether we are using the GNU C compiler
configure:3977: gcc -c   conftest.c >&5
configure:3977: $? = 0
configure:3986: result: yes
configure:3995: checking whether gcc accepts -g
configure:4015: gcc -c -g  conftest.c >&5
configure:4015: $? = 0
configure:4056: result: yes
configure:4073: checking for gcc option to accept ISO C89
configure:4136: gcc  -c -g -O2  conftest.c >&5
configure:4136: $? = 0
configure:4149: result: none needed
configure:4171: checking dependency style of gcc
configure:4282: result: none
configure:4297: checking whether make sets $(MAKE)
configure:4319: result: yes
configure:4332: checking for main in -lcrypto
configure:4351: gcc -o conftest -g -O2   conftest.c -lcrypto   >&5
configure:4351: $? = 0
configure:4360: result: yes
configure:4372: checking for main in -lm
configure:4391: gcc -o conftest -g -O2   conftest.c -lm  -lcrypto  >&5
configure:4391: $? = 0
configure:4400: result: yes
configure:4412: checking for main in -lpthread
configure:4431: gcc -o conftest -g -O2   conftest.c -lpthread  -lm -lcrypto  >&5
configure:4431: $? = 0
configure:4440: result: yes
configure:4452: checking for main in -lrt
configure:4471: gcc -o conftest -g -O2   conftest.c -lrt  -lpthread -lm -lcrypto  >&5
configure:4471: $? = 0
configure:4480: result: yes
configure:4492: checking for main in -lsocket
configure:4511: gcc -o conftest -g -O2   conftest.c -lsocket  -lrt -lpthread -lm -lcrypto  >&5
/usr/bin/ld: error: cannot find -lsocket
collect2: error: ld returned 1 exit status
configure:4511: $? = 1
configure: failed program was:
| /* confdefs.h */
| #define PACKAGE_NAME "libvsl"
| #define PACKAGE_TARNAME "libvsl"
| #define PACKAGE_VERSION "0.0.4"
| #define PACKAGE_STRING "libvsl 0.0.4"
| #define PACKAGE_BUGREPORT "info@fortmax.se"
| #define PACKAGE_URL ""
| #define PACKAGE "libvsl"
| #define VERSION "0.0.4"
| #define HAVE_LIBCRYPTO 1
| #define HAVE_LIBM 1
| #define HAVE_LIBPTHREAD 1
| #define HAVE_LIBRT 1
| /* end confdefs.h.  */
| 
| 
| int
| main ()
| {
| return main ();
|   ;
|   return 0;
| }
configure:4520: result: no
configure:4532: checking for main in -lssl
configure:4551: gcc -o conftest -g -O2   conftest.c -lssl  -lrt -lpthread -lm -lcrypto  >&5
configure:4551: $? = 0
configure:4560: result: yes
configure:4572: checking for main in -ludt
configure:4591: gcc -o conftest -g -O2   conftest.c -ludt  -lssl -lrt -lpthread -lm -lcrypto  >&5
/usr/bin/ld: error: cannot find -ludt
collect2: error: ld returned 1 exit status
configure:4591: $? = 1
configure: failed program was:
| /* confdefs.h */
| #define PACKAGE_NAME "libvsl"
| #define PACKAGE_TARNAME "libvsl"
| #define PACKAGE_VERSION "0.0.4"
| #define PACKAGE_STRING "libvsl 0.0.4"
| #define PACKAGE_BUGREPORT "info@fortmax.se"
| #define PACKAGE_URL ""
| #define PACKAGE "libvsl"
| #define VERSION "0.0.4"
| #define HAVE_LIBCRYPTO 1
| #define HAVE_LIBM 1
| #define HAVE_LIBPTHREAD 1
| #define HAVE_LIBRT 1
| #define HAVE_LIBSSL 1
| /* end confdefs.h.  */
| 
| 
| int
| main ()
| {
| return main ();
|   ;
|   return 0;
| }
configure:4600: result: no
configure:4612: checking for main in -lvsocket
configure:4631: gcc -o conftest -g -O2   conftest.c -lvsocket  -lssl -lrt -lpthread -lm -lcrypto  >&5
/usr/bin/ld: error: cannot find -lvsocket
collect2: error: ld returned 1 exit status
configure:4631: $? = 1
configure: failed program was:
| /* confdefs.h */
| #define PACKAGE_NAME "libvsl"
| #define PACKAGE_TARNAME "libvsl"
| #define PACKAGE_VERSION "0.0.4"
| #define PACKAGE_STRING "libvsl 0.0.4"
| #define PACKAGE_BUGREPORT "info@fortmax.se"
| #define PACKAGE_URL ""
| #define PACKAGE "libvsl"
| #define VERSION "0.0.4"
| #define HAVE_LIBCRYPTO 1
| #define HAVE_LIBM 1
| #define HAVE_LIBPTHREAD 1
| #define HAVE_LIBRT 1
| #define HAVE_LIBSSL 1
| /* end confdefs.h.  */
| 
| 
| int
| main ()
| {
| return main ();
|   ;
|   return 0;
| }
configure:4640: result: no
configure:4658: checking how to run the C preprocessor
configure:4689: gcc -E  conftest.c
configure:4689: $? = 0
configure:4703: gcc -E  conftest.c
conftest.c:16:28: fatal error: ac_nonexistent.h: No such file or directory
compilation terminated.
configure:4703: $? = 1
configure: failed program was:
| /* confdefs.h */
| #define PACKAGE_NAME "libvsl"
| #define PACKAGE_TARNAME "libvsl"
| #define PACKAGE_VERSION "0.0.4"
| #define PACKAGE_STRING "libvsl 0.0.4"
| #define PACKAGE_BUGREPORT "info@fortmax.se"
| #define PACKAGE_URL ""
| #define PACKAGE "libvsl"
| #define VERSION "0.0.4"
| #define HAVE_LIBCRYPTO 1
| #define HAVE_LIBM 1
| #define HAVE_LIBPTHREAD 1
| #define HAVE_LIBRT 1
| #define HAVE_LIBSSL 1
| /* end confdefs.h.  */
| #include <ac_nonexistent.h>
configure:4728: result: gcc -E
configure:4748: gcc -E  conftest.c
configure:4748: $? = 0
configure:4762: gcc -E  conftest.c
conftest.c:16:28: fatal error: ac_nonexistent.h: No such file or directory
compilation terminated.
configure:4762: $? = 1
configure: failed program was:
| /* confdefs.h */
| #define PACKAGE_NAME "libvsl"
| #define PACKAGE_TARNAME "libvsl"
| #define PACKAGE_VERSION "0.0.4"
| #define PACKAGE_STRING "libvsl 0.0.4"
| #define PACKAGE_BUGREPORT "info@fortmax.se"
| #define PACKAGE_URL ""
| #define PACKAGE "libvsl"
| #define VERSION "0.0.4"
| #define HAVE_LIBCRYPTO 1
| #define HAVE_LIBM 1
| #define HAVE_LIBPTHREAD 1
| #define HAVE_LIBRT 1
| #define HAVE_LIBSSL 1
| /* end confdefs.h.  */
| #include <ac_nonexistent.h>
configure:4791: checking for grep that handles long lines and -e
configure:4849: result: /bin/grep
configure:4854: checking for egrep
configure:4916: result: /bin/grep -E
configure:4921: checking for ANSI C header files
configure:4941: gcc -c -g -O2  conftest.c >&5
configure:4941: $? = 0
configure:5014: gcc -o conftest -g -O2   conftest.c -lssl -lrt -lpthread -lm -lcrypto  >&5
configure:5014: $? = 0
configure:5014: ./conftest
configure:5014: $? = 0
configure:5025: result: yes
configure:5038: checking for sys/types.h
configure:5038: gcc -c -g -O2  conftest.c >&5
configure:5038: $? = 0
configure:5038: result: yes
configure:5038: checking for sys/stat.h
configure:5038: gcc -c -g -O2  conftest.c >&5
configure:5038: $? = 0
configure:5038: result: yes
configure:5038: checking for stdlib.h
configure:5038: gcc -c -g -O2  conftest.c >&5
configure:5038: $? = 0
configure:5038: result: yes
configure:5038: checking for string.h
configure:5038: gcc -c -g -O2  conftest.c >&5
configure:5038: $? = 0
configure:5038: result: yes
configure:5038: checking for memory.h
configure:5038: gcc -c -g -O2  conftest.c >&5
configure:5038: $? = 0
configure:5038: result: yes
configure:5038: checking for strings.h
configure:5038: gcc -c -g -O2  conftest.c >&5
configure:5038: $? = 0
configure:5038: result: yes
configure:5038: checking for inttypes.h
configure:5038: gcc -c -g -O2  conftest.c >&5
configure:5038: $? = 0
configure:5038: result: yes
configure:5038: checking for stdint.h
configure:5038: gcc -c -g -O2  conftest.c >&5
configure:5038: $? = 0
configure:5038: result: yes
configure:5038: checking for unistd.h
configure:5038: gcc -c -g -O2  conftest.c >&5
configure:5038: $? = 0
configure:5038: result: yes
configure:5053: checking arpa/inet.h usability
configure:5053: gcc -c -g -O2  conftest.c >&5
configure:5053: $? = 0
configure:5053: result: yes
configure:5053: checking arpa/inet.h presence
configure:5053: gcc -E  conftest.c
configure:5053: $? = 0
configure:5053: result: yes
configure:5053: checking for arpa/inet.h
configure:5053: result: yes
configure:5053: checking fcntl.h usability
configure:5053: gcc -c -g -O2  conftest.c >&5
configure:5053: $? = 0
configure:5053: result: yes
configure:5053: checking fcntl.h presence
configure:5053: gcc -E  conftest.c
configure:5053: $? = 0
configure:5053: result: yes
configure:5053: checking for fcntl.h
configure:5053: result: yes
configure:5053: checking for memory.h
configure:5053: result: yes
configure:5053: checking netdb.h usability
configure:5053: gcc -c -g -O2  conftest.c >&5
configure:5053: $? = 0
configure:5053: result: yes
configure:5053: checking netdb.h presence
configure:5053: gcc -E  conftest.c
configure:5053: $? = 0
configure:5053: result: yes
configure:5053: checking for netdb.h
configure:5053: result: yes
configure:5053: checking netinet/in.h usability
configure:5053: gcc -c -g -O2  conftest.c >&5
configure:5053: $? = 0
configure:5053: result: yes
configure:5053: checking netinet/in.h presence
configure:5053: gcc -E  conftest.c
configure:5053: $? = 0
configure:5053: result: yes
configure:5053: checking for netinet/in.h
configure:5053: result: yes
configure:5053: checking for stdint.h
configure:5053: result: yes
configure:5053: checking for stdlib.h
configure:5053: result: yes
configure:5053: checking for string.h
configure:5053: result: yes
configure:5053: checking sys/ioctl.h usability
configure:5053: gcc -c -g -O2  conftest.c >&5
configure:5053: $? = 0
configure:5053: result: yes
configure:5053: checking sys/ioctl.h presence
configure:5053: gcc -E  conftest.c
configure:5053: $? = 0
configure:5053: result: yes
configure:5053: checking for sys/ioctl.h
configure:5053: result: yes
configure:5053: checking sys/socket.h usability
configure:5053: gcc -c -g -O2  conftest.c >&5
configure:5053: $? = 0
configure:5053: result: yes
configure:5053: checking sys/socket.h presence
configure:5053: gcc -E  conftest.c
configure:5053: $? = 0
configure:5053: result: yes
configure:5053: checking for sys/socket.h
configure:5053: result: yes
configure:5053: checking sys/time.h usability
configure:5053: gcc -c -g -O2  conftest.c >&5
configure:5053: $? = 0
configure:5053: result: yes
configure:5053: checking sys/time.h presence
configure:5053: gcc -E  conftest.c
configure:5053: $? = 0
configure:5053: result: yes
configure:5053: checking for sys/time.h
configure:5053: result: yes
configure:5053: checking for unistd.h
configure:5053: result: yes
configure:5065: checking for stdbool.h that conforms to C99
configure:5132: gcc -c -g -O2  conftest.c >&5
configure:5132: $? = 0
configure:5139: result: yes
configure:5141: checking for _Bool
configure:5141: gcc -c -g -O2  conftest.c >&5
configure:5141: $? = 0
configure:5141: gcc -c -g -O2  conftest.c >&5
conftest.c: In function 'main':
conftest.c:74:20: error: expected expression before ')' token
configure:5141: $? = 1
configure: failed program was:
| /* confdefs.h */
| #define PACKAGE_NAME "libvsl"
| #define PACKAGE_TARNAME "libvsl"
| #define PACKAGE_VERSION "0.0.4"
| #define PACKAGE_STRING "libvsl 0.0.4"
| #define PACKAGE_BUGREPORT "info@fortmax.se"
| #define PACKAGE_URL ""
| #define PACKAGE "libvsl"
| #define VERSION "0.0.4"
| #define HAVE_LIBCRYPTO 1
| #define HAVE_LIBM 1
| #define HAVE_LIBPTHREAD 1
| #define HAVE_LIBRT 1
| #define HAVE_LIBSSL 1
| #define STDC_HEADERS 1
| #define HAVE_SYS_TYPES_H 1
| #define HAVE_SYS_STAT_H 1
| #define HAVE_STDLIB_H 1
| #define HAVE_STRING_H 1
| #define HAVE_MEMORY_H 1
| #define HAVE_STRINGS_H 1
| #define HAVE_INTTYPES_H 1
| #define HAVE_STDINT_H 1
| #define HAVE_UNISTD_H 1
| #define HAVE_ARPA_INET_H 1
| #define HAVE_FCNTL_H 1
| #define HAVE_MEMORY_H 1
| #define HAVE_NETDB_H 1
| #define HAVE_NETINET_IN_H 1
| #define HAVE_STDINT_H 1
| #define HAVE_STDLIB_H 1
| #define HAVE_STRING_H 1
| #define HAVE_SYS_IOCTL_H 1
| #define HAVE_SYS_SOCKET_H 1
| #define HAVE_SYS_TIME_H 1
| #define HAVE_UNISTD_H 1
| /* end confdefs.h.  */
| #include <stdio.h>
| #ifdef HAVE_SYS_TYPES_H
| # include <sys/types.h>
| #endif
| #ifdef HAVE_SYS_STAT_H
| # include <sys/stat.h>
| #endif
| #ifdef STDC_HEADERS
| # include <stdlib.h>
| # include <stddef.h>
| #else
| # ifdef HAVE_STDLIB_H
| #  include <stdlib.h>
| # endif
| #endif
| #ifdef HAVE_STRING_H
| # if !defined STDC_HEADERS && defined HAVE_MEMORY_H
| #  include <memory.h>
| # endif
| # include <string.h>
| #endif
| #ifdef HAVE_STRINGS_H
| # include <strings.h>
| #endif
| #ifdef HAVE_INTTYPES_H
| # include <inttypes.h>
| #endif
| #ifdef HAVE_STDINT_H
| # include <stdint.h>
| #endif
| #ifdef HAVE_UNISTD_H
| # include <unistd.h>
| #endif
| int
| main ()
| {
| if (sizeof ((_Bool)))
| 	    return 0;
|   ;
|   return 0;
| }
configure:5141: result: yes
configure:5152: checking for inline
configure:5168: gcc -c -g -O2  conftest.c >&5
configure:5168: $? = 0
configure:5176: result: inline
configure:5194: checking for int32_t
configure:5194: gcc -c -g -O2  conftest.c >&5
configure:5194: $? = 0
configure:5194: gcc -c -g -O2  conftest.c >&5
conftest.c: In function 'main':
conftest.c:77:53: warning: integer overflow in expression [-Woverflow]
conftest.c:76:12: error: storage size of 'test_array' isn't constant
configure:5194: $? = 1
configure: failed program was:
| /* confdefs.h */
| #define PACKAGE_NAME "libvsl"
| #define PACKAGE_TARNAME "libvsl"
| #define PACKAGE_VERSION "0.0.4"
| #define PACKAGE_STRING "libvsl 0.0.4"
| #define PACKAGE_BUGREPORT "info@fortmax.se"
| #define PACKAGE_URL ""
| #define PACKAGE "libvsl"
| #define VERSION "0.0.4"
| #define HAVE_LIBCRYPTO 1
| #define HAVE_LIBM 1
| #define HAVE_LIBPTHREAD 1
| #define HAVE_LIBRT 1
| #define HAVE_LIBSSL 1
| #define STDC_HEADERS 1
| #define HAVE_SYS_TYPES_H 1
| #define HAVE_SYS_STAT_H 1
| #define HAVE_STDLIB_H 1
| #define HAVE_STRING_H 1
| #define HAVE_MEMORY_H 1
| #define HAVE_STRINGS_H 1
| #define HAVE_INTTYPES_H 1
| #define HAVE_STDINT_H 1
| #define HAVE_UNISTD_H 1
| #define HAVE_ARPA_INET_H 1
| #define HAVE_FCNTL_H 1
| #define HAVE_MEMORY_H 1
| #define HAVE_NETDB_H 1
| #define HAVE_NETINET_IN_H 1
| #define HAVE_STDINT_H 1
| #define HAVE_STDLIB_H 1
| #define HAVE_STRING_H 1
| #define HAVE_SYS_IOCTL_H 1
| #define HAVE_SYS_SOCKET_H 1
| #define HAVE_SYS_TIME_H 1
| #define HAVE_UNISTD_H 1
| #define HAVE__BOOL 1
| /* end confdefs.h.  */
| #include <stdio.h>
| #ifdef HAVE_SYS_TYPES_H
| # include <sys/types.h>
| #endif
| #ifdef HAVE_SYS_STAT_H
| # include <sys/stat.h>
| #endif
| #ifdef STDC_HEADERS
| # include <stdlib.h>
| # include <stddef.h>
| #else
| # ifdef HAVE_STDLIB_H
| #  include <stdlib.h>
| # endif
| #endif
| #ifdef HAVE_STRING_H
| # if !defined STDC_HEADERS && defined HAVE_MEMORY_H
| #  include <memory.h>
| # endif
| # include <string.h>
| #endif
| #ifdef HAVE_STRINGS_H
| # include <strings.h>
| #endif
| #ifdef HAVE_INTTYPES_H
| # include <inttypes.h>
| #endif
| #ifdef HAVE_STDINT_H
| # include <stdint.h>
| #endif
| #ifdef HAVE_UNISTD_H
| # include <unistd.h>
| #endif
| 	        enum { N = 32 / 2 - 1 };
| int
| main ()
| {
| static int test_array [1 - 2 * !((int32_t) (((((int32_t) 1 << N) << N) - 1) * 2 + 1)
| 		 < (int32_t) (((((int32_t) 1 << N) << N) - 1) * 2 + 2))];
| test_array [0] = 0;
| return test_array [0];
| 
|   ;
|   return 0;
| }
configure:5194: result: yes
configure:5205: checking for int64_t
configure:5205: gcc -c -g -O2  conftest.c >&5
configure:5205: $? = 0
configure:5205: gcc -c -g -O2  conftest.c >&5
conftest.c: In function 'main':
conftest.c:77:53: warning: integer overflow in expression [-Woverflow]
conftest.c:76:12: error: storage size of 'test_array' isn't constant
configure:5205: $? = 1
configure: failed program was:
| /* confdefs.h */
| #define PACKAGE_NAME "libvsl"
| #define PACKAGE_TARNAME "libvsl"
| #define PACKAGE_VERSION "0.0.4"
| #define PACKAGE_STRING "libvsl 0.0.4"
| #define PACKAGE_BUGREPORT "info@fortmax.se"
| #define PACKAGE_URL ""
| #define PACKAGE "libvsl"
| #define VERSION "0.0.4"
| #define HAVE_LIBCRYPTO 1
| #define HAVE_LIBM 1
| #define HAVE_LIBPTHREAD 1
| #define HAVE_LIBRT 1
| #define HAVE_LIBSSL 1
| #define STDC_HEADERS 1
| #define HAVE_SYS_TYPES_H 1
| #define HAVE_SYS_STAT_H 1
| #define HAVE_STDLIB_H 1
| #define HAVE_STRING_H 1
| #define HAVE_MEMORY_H 1
| #define HAVE_STRINGS_H 1
| #define HAVE_INTTYPES_H 1
| #define HAVE_STDINT_H 1
| #define HAVE_UNISTD_H 1
| #define HAVE_ARPA_INET_H 1
| #define HAVE_FCNTL_H 1
| #define HAVE_MEMORY_H 1
| #define HAVE_NETDB_H 1
| #define HAVE_NETINET_IN_H 1
| #define HAVE_STDINT_H 1
| #define HAVE_STDLIB_H 1
| #define HAVE_STRING_H 1
| #define HAVE_SYS_IOCTL_H 1
| #define HAVE_SYS_SOCKET_H 1
| #define HAVE_SYS_TIME_H 1
| #define HAVE_UNISTD_H 1
| #define HAVE__BOOL 1
| /* end confdefs.h.  */
| #include <stdio.h>
| #ifdef HAVE_SYS_TYPES_H
| # include <sys/types.h>
| #endif
| #ifdef HAVE_SYS_STAT_H
| # include <sys/stat.h>
| #endif
| #ifdef STDC_HEADERS
| # include <stdlib.h>
| # include <stddef.h>
| #else
| # ifdef HAVE_STDLIB_H
| #  include <stdlib.h>
| # endif
| #endif
| #ifdef HAVE_STRING_H
| # if !defined STDC_HEADERS && defined HAVE_MEMORY_H
| #  include <memory.h>
| # endif
| # include <string.h>
| #endif
| #ifdef HAVE_STRINGS_H
| # include <strings.h>
| #endif
| #ifdef HAVE_INTTYPES_H
| # include <inttypes.h>
| #endif
| #ifdef HAVE_STDINT_H
| # include <stdint.h>
| #endif
| #ifdef HAVE_UNISTD_H
| # include <unistd.h>
| #endif
| 	        enum { N = 64 / 2 - 1 };
| int
| main ()
| {
| static int test_array [1 - 2 * !((int64_t) (((((int64_t) 1 << N) << N) - 1) * 2 + 1)
| 		 < (int64_t) (((((int64_t) 1 << N) << N) - 1) * 2 + 2))];
| test_array [0] = 0;
| return test_array [0];
| 
|   ;
|   return 0;
| }
configure:5205: result: yes
configure:5216: checking for size_t
configure:5216: gcc -c -g -O2  conftest.c >&5
configure:5216: $? = 0
configure:5216: gcc -c -g -O2  conftest.c >&5
conftest.c: In function 'main':
conftest.c:75:21: error: expected expression before ')' token
configure:5216: $? = 1
configure: failed program was:
| /* confdefs.h */
| #define PACKAGE_NAME "libvsl"
| #define PACKAGE_TARNAME "libvsl"
| #define PACKAGE_VERSION "0.0.4"
| #define PACKAGE_STRING "libvsl 0.0.4"
| #define PACKAGE_BUGREPORT "info@fortmax.se"
| #define PACKAGE_URL ""
| #define PACKAGE "libvsl"
| #define VERSION "0.0.4"
| #define HAVE_LIBCRYPTO 1
| #define HAVE_LIBM 1
| #define HAVE_LIBPTHREAD 1
| #define HAVE_LIBRT 1
| #define HAVE_LIBSSL 1
| #define STDC_HEADERS 1
| #define HAVE_SYS_TYPES_H 1
| #define HAVE_SYS_STAT_H 1
| #define HAVE_STDLIB_H 1
| #define HAVE_STRING_H 1
| #define HAVE_MEMORY_H 1
| #define HAVE_STRINGS_H 1
| #define HAVE_INTTYPES_H 1
| #define HAVE_STDINT_H 1
| #define HAVE_UNISTD_H 1
| #define HAVE_ARPA_INET_H 1
| #define HAVE_FCNTL_H 1
| #define HAVE_MEMORY_H 1
| #define HAVE_NETDB_H 1
| #define HAVE_NETINET_IN_H 1
| #define HAVE_STDINT_H 1
| #define HAVE_STDLIB_H 1
| #define HAVE_STRING_H 1
| #define HAVE_SYS_IOCTL_H 1
| #define HAVE_SYS_SOCKET_H 1
| #define HAVE_SYS_TIME_H 1
| #define HAVE_UNISTD_H 1
| #define HAVE__BOOL 1
| /* end confdefs.h.  */
| #include <stdio.h>
| #ifdef HAVE_SYS_TYPES_H
| # include <sys/types.h>
| #endif
| #ifdef HAVE_SYS_STAT_H
| # include <sys/stat.h>
| #endif
| #ifdef STDC_HEADERS
| # include <stdlib.h>
| # include <stddef.h>
| #else
| # ifdef HAVE_STDLIB_H
| #  include <stdlib.h>
| # endif
| #endif
| #ifdef HAVE_STRING_H
| # if !defined STDC_HEADERS && defined HAVE_MEMORY_H
| #  include <memory.h>
| # endif
| # include <string.h>
| #endif
| #ifdef HAVE_STRINGS_H
| # include <strings.h>
| #endif
| #ifdef HAVE_INTTYPES_H
| # include <inttypes.h>
| #endif
| #ifdef HAVE_STDINT_H
| # include <stdint.h>
| #endif
| #ifdef HAVE_UNISTD_H
| # include <unistd.h>
| #endif
| int
| main ()
| {
| if (sizeof ((size_t)))
| 	    return 0;
|   ;
|   return 0;
| }
configure:5216: result: yes
configure:5227: checking for uint16_t
configure:5227: gcc -c -g -O2  conftest.c >&5
configure:5227: $? = 0
configure:5227: result: yes
configure:5239: checking for uint32_t
configure:5239: gcc -c -g -O2  conftest.c >&5
configure:5239: $? = 0
configure:5239: result: yes
configure:5253: checking for uint64_t
configure:5253: gcc -c -g -O2  conftest.c >&5
configure:5253: $? = 0
configure:5253: result: yes
configure:5269: checking for error_at_line
configure:5285: gcc -o conftest -g -O2   conftest.c -lssl -lrt -lpthread -lm -lcrypto  >&5
configure:5285: $? = 0
configure:5293: result: yes
configure:5306: checking for stdlib.h
configure:5306: result: yes
configure:5316: checking for GNU libc compatible malloc
configure:5340: gcc -o conftest -g -O2   conftest.c -lssl -lrt -lpthread -lm -lcrypto  >&5
configure:5340: $? = 0
configure:5340: ./conftest
configure:5340: $? = 0
configure:5350: result: yes
configure:5371: checking whether strerror_r is declared
configure:5371: gcc -c -g -O2  conftest.c >&5
configure:5371: $? = 0
configure:5371: result: yes
configure:5384: checking for strerror_r
configure:5384: gcc -o conftest -g -O2   conftest.c -lssl -lrt -lpthread -lm -lcrypto  >&5
configure:5384: $? = 0
configure:5384: result: yes
configure:5393: checking whether strerror_r returns char *
configure:5417: gcc -c -g -O2  conftest.c >&5
conftest.c: In function 'main':
conftest.c:81:13: error: invalid type argument of unary '*' (have 'int')
conftest.c:82:14: warning: initialization makes pointer from integer without a cast [enabled by default]
configure:5417: $? = 1
configure: failed program was:
| /* confdefs.h */
| #define PACKAGE_NAME "libvsl"
| #define PACKAGE_TARNAME "libvsl"
| #define PACKAGE_VERSION "0.0.4"
| #define PACKAGE_STRING "libvsl 0.0.4"
| #define PACKAGE_BUGREPORT "info@fortmax.se"
| #define PACKAGE_URL ""
| #define PACKAGE "libvsl"
| #define VERSION "0.0.4"
| #define HAVE_LIBCRYPTO 1
| #define HAVE_LIBM 1
| #define HAVE_LIBPTHREAD 1
| #define HAVE_LIBRT 1
| #define HAVE_LIBSSL 1
| #define STDC_HEADERS 1
| #define HAVE_SYS_TYPES_H 1
| #define HAVE_SYS_STAT_H 1
| #define HAVE_STDLIB_H 1
| #define HAVE_STRING_H 1
| #define HAVE_MEMORY_H 1
| #define HAVE_STRINGS_H 1
| #define HAVE_INTTYPES_H 1
| #define HAVE_STDINT_H 1
| #define HAVE_UNISTD_H 1
| #define HAVE_ARPA_INET_H 1
| #define HAVE_FCNTL_H 1
| #define HAVE_MEMORY_H 1
| #define HAVE_NETDB_H 1
| #define HAVE_NETINET_IN_H 1
| #define HAVE_STDINT_H 1
| #define HAVE_STDLIB_H 1
| #define HAVE_STRING_H 1
| #define HAVE_SYS_IOCTL_H 1
| #define HAVE_SYS_SOCKET_H 1
| #define HAVE_SYS_TIME_H 1
| #define HAVE_UNISTD_H 1
| #define HAVE__BOOL 1
| #define HAVE_STDLIB_H 1
| #define HAVE_MALLOC 1
| #define HAVE_DECL_STRERROR_R 1
| #define HAVE_STRERROR_R 1
| /* end confdefs.h.  */
| #include <stdio.h>
| #ifdef HAVE_SYS_TYPES_H
| # include <sys/types.h>
| #endif
| #ifdef HAVE_SYS_STAT_H
| # include <sys/stat.h>
| #endif
| #ifdef STDC_HEADERS
| # include <stdlib.h>
| # include <stddef.h>
| #else
| # ifdef HAVE_STDLIB_H
| #  include <stdlib.h>
| # endif
| #endif
| #ifdef HAVE_STRING_H
| # if !defined STDC_HEADERS && defined HAVE_MEMORY_H
| #  include <memory.h>
| # endif
| # include <string.h>
| #endif
| #ifdef HAVE_STRINGS_H
| # include <strings.h>
| #endif
| #ifdef HAVE_INTTYPES_H
| # include <inttypes.h>
| #endif
| #ifdef HAVE_STDINT_H
| # include <stdint.h>
| #endif
| #ifdef HAVE_UNISTD_H
| # include <unistd.h>
| #endif
| int
| main ()
| {
| 
| 	  char buf[100];
| 	  char x = *strerror_r (0, buf, sizeof buf);
| 	  char *p = strerror_r (0, buf, sizeof buf);
| 	  return !p || x;
| 
|   ;
|   return 0;
| }
configure:5455: result: no
configure:5466: checking for atexit
configure:5466: gcc -o conftest -g -O2   conftest.c -lssl -lrt -lpthread -lm -lcrypto  >&5
configure:5466: $? = 0
configure:5466: result: yes
configure:5466: checking for bzero
configure:5466: gcc -o conftest -g -O2   conftest.c -lssl -lrt -lpthread -lm -lcrypto  >&5
conftest.c:67:6: warning: conflicting types for built-in function 'bzero' [enabled by default]
configure:5466: $? = 0
configure:5466: result: yes
configure:5466: checking for gethostbyname
configure:5466: gcc -o conftest -g -O2   conftest.c -lssl -lrt -lpthread -lm -lcrypto  >&5
configure:5466: $? = 0
configure:5466: result: yes
configure:5466: checking for gettimeofday
configure:5466: gcc -o conftest -g -O2   conftest.c -lssl -lrt -lpthread -lm -lcrypto  >&5
configure:5466: $? = 0
configure:5466: result: yes
configure:5466: checking for inet_ntoa
configure:5466: gcc -o conftest -g -O2   conftest.c -lssl -lrt -lpthread -lm -lcrypto  >&5
configure:5466: $? = 0
configure:5466: result: yes
configure:5466: checking for memset
configure:5466: gcc -o conftest -g -O2   conftest.c -lssl -lrt -lpthread -lm -lcrypto  >&5
conftest.c:71:6: warning: conflicting types for built-in function 'memset' [enabled by default]
configure:5466: $? = 0
configure:5466: result: yes
configure:5466: checking for pow
configure:5466: gcc -o conftest -g -O2   conftest.c -lssl -lrt -lpthread -lm -lcrypto  >&5
conftest.c:72:6: warning: conflicting types for built-in function 'pow' [enabled by default]
configure:5466: $? = 0
configure:5466: result: yes
configure:5466: checking for select
configure:5466: gcc -o conftest -g -O2   conftest.c -lssl -lrt -lpthread -lm -lcrypto  >&5
configure:5466: $? = 0
configure:5466: result: yes
configure:5466: checking for socket
configure:5466: gcc -o conftest -g -O2   conftest.c -lssl -lrt -lpthread -lm -lcrypto  >&5
configure:5466: $? = 0
configure:5466: result: yes
configure:5466: checking for strerror
configure:5466: gcc -o conftest -g -O2   conftest.c -lssl -lrt -lpthread -lm -lcrypto  >&5
configure:5466: $? = 0
configure:5466: result: yes
configure:5612: creating ./config.status

## ---------------------- ##
## Running config.status. ##
## ---------------------- ##

This file was extended by libvsl config.status 0.0.4, which was
generated by GNU Autoconf 2.69.  Invocation command line was

  CONFIG_FILES    = 
  CONFIG_HEADERS  = 
  CONFIG_LINKS    = 
  CONFIG_COMMANDS = 
  $ ./config.status 

on work

config.status:888: creating Makefile
config.status:888: creating src/Makefile
config.status:888: creating config.h
config.status:1069: config.h is unchanged
config.status:1117: executing depfiles commands
configure:6997: === configuring in vsocket (/tmp/libvsl/vsocket)
configure:7060: running /bin/bash ./configure --disable-option-checking '--prefix=/usr'  '--build=i686-linux-gnu' '--includedir=${prefix}/include' '--mandir=${prefix}/share/man' '--infodir=${prefix}/share/info' '--sysconfdir=/etc' '--localstatedir=/var' '--libexecdir=${prefix}/lib/libvsl' '--disable-maintainer-mode' '--disable-dependency-tracking' 'build_alias=i686-linux-gnu' --cache-file=/dev/null --srcdir=.

## ---------------- ##
## Cache variables. ##
## ---------------- ##

ac_cv_c_compiler_gnu=yes
ac_cv_c_inline=inline
ac_cv_c_int32_t=yes
ac_cv_c_int64_t=yes
ac_cv_c_uint16_t=yes
ac_cv_c_uint32_t=yes
ac_cv_c_uint64_t=yes
ac_cv_cxx_compiler_gnu=yes
ac_cv_env_CCC_set=
ac_cv_env_CCC_value=
ac_cv_env_CC_set=
ac_cv_env_CC_value=
ac_cv_env_CFLAGS_set=
ac_cv_env_CFLAGS_value=
ac_cv_env_CPPFLAGS_set=
ac_cv_env_CPPFLAGS_value=
ac_cv_env_CPP_set=
ac_cv_env_CPP_value=
ac_cv_env_CXXFLAGS_set=
ac_cv_env_CXXFLAGS_value=
ac_cv_env_CXX_set=
ac_cv_env_CXX_value=
ac_cv_env_LDFLAGS_set=
ac_cv_env_LDFLAGS_value=
ac_cv_env_LIBS_set=
ac_cv_env_LIBS_value=
ac_cv_env_build_alias_set=set
ac_cv_env_build_alias_value=i686-linux-gnu
ac_cv_env_host_alias_set=
ac_cv_env_host_alias_value=
ac_cv_env_target_alias_set=
ac_cv_env_target_alias_value=
ac_cv_func_atexit=yes
ac_cv_func_bzero=yes
ac_cv_func_gethostbyname=yes
ac_cv_func_gettimeofday=yes
ac_cv_func_inet_ntoa=yes
ac_cv_func_malloc_0_nonnull=yes
ac_cv_func_memset=yes
ac_cv_func_pow=yes
ac_cv_func_select=yes
ac_cv_func_socket=yes
ac_cv_func_strerror=yes
ac_cv_func_strerror_r=yes
ac_cv_func_strerror_r_char_p=no
ac_cv_have_decl_strerror_r=yes
ac_cv_header_arpa_inet_h=yes
ac_cv_header_fcntl_h=yes
ac_cv_header_inttypes_h=yes
ac_cv_header_memory_h=yes
ac_cv_header_netdb_h=yes
ac_cv_header_netinet_in_h=yes
ac_cv_header_stdbool_h=yes
ac_cv_header_stdc=yes
ac_cv_header_stdint_h=yes
ac_cv_header_stdlib_h=yes
ac_cv_header_string_h=yes
ac_cv_header_strings_h=yes
ac_cv_header_sys_ioctl_h=yes
ac_cv_header_sys_socket_h=yes
ac_cv_header_sys_stat_h=yes
ac_cv_header_sys_time_h=yes
ac_cv_header_sys_types_h=yes
ac_cv_header_unistd_h=yes
ac_cv_lib_crypto_main=yes
ac_cv_lib_error_at_line=yes
ac_cv_lib_m_main=yes
ac_cv_lib_pthread_main=yes
ac_cv_lib_rt_main=yes
ac_cv_lib_socket_main=no
ac_cv_lib_ssl_main=yes
ac_cv_lib_udt_main=no
ac_cv_lib_vsocket_main=no
ac_cv_objext=o
ac_cv_path_EGREP='/bin/grep -E'
ac_cv_path_GREP=/bin/grep
ac_cv_path_install='/usr/bin/install -c'
ac_cv_path_mkdir=/bin/mkdir
ac_cv_prog_AWK=mawk
ac_cv_prog_CPP='gcc -E'
ac_cv_prog_ac_ct_CC=gcc
ac_cv_prog_ac_ct_CXX=g++
ac_cv_prog_cc_c89=
ac_cv_prog_cc_g=yes
ac_cv_prog_cxx_g=yes
ac_cv_prog_make_make_set=yes
ac_cv_type__Bool=yes
ac_cv_type_size_t=yes
am_cv_CC_dependencies_compiler_type=none
am_cv_CXX_dependencies_compiler_type=none

## ----------------- ##
## Output variables. ##
## ----------------- ##

ACLOCAL='${SHELL} /tmp/libvsl/missing --run aclocal-1.11'
AMDEPBACKSLASH=''
AMDEP_FALSE=''
AMDEP_TRUE='#'
AMTAR='$${TAR-tar}'
AUTOCONF='${SHELL} /tmp/libvsl/missing --run autoconf'
AUTOHEADER='${SHELL} /tmp/libvsl/missing --run autoheader'
AUTOMAKE='${SHELL} /tmp/libvsl/missing --run automake-1.11'
AWK='mawk'
CC='gcc'
CCDEPMODE='depmode=none'
CFLAGS='-g -O2'
CPP='gcc -E'
CPPFLAGS=''
CXX='g++'
CXXDEPMODE='depmode=none'
CXXFLAGS='-g -O2'
CYGPATH_W='echo'
DEFS='-DHAVE_CONFIG_H'
DEPDIR='.deps'
ECHO_C=''
ECHO_N='-n'
ECHO_T=''
EGREP='/bin/grep -E'
EXEEXT=''
GREP='/bin/grep'
INSTALL_DATA='${INSTALL} -m 644'
INSTALL_PROGRAM='${INSTALL}'
INSTALL_SCRIPT='${INSTALL}'
INSTALL_STRIP_PROGRAM='$(install_sh) -c -s'
LDFLAGS=''
LIBOBJS=''
LIBS='-lssl -lrt -lpthread -lm -lcrypto '
LTLIBOBJS=''
MAKEINFO='${SHELL} /tmp/libvsl/missing --run makeinfo'
MKDIR_P='/bin/mkdir -p'
OBJEXT='o'
PACKAGE='libvsl'
PACKAGE_BUGREPORT='info@fortmax.se'
PACKAGE_NAME='libvsl'
PACKAGE_STRING='libvsl 0.0.4'
PACKAGE_TARNAME='libvsl'
PACKAGE_URL=''
PACKAGE_VERSION='0.0.4'
PATH_SEPARATOR=':'
SET_MAKE=''
SHELL='/bin/bash'
STRIP=''
VERSION='0.0.4'
ac_ct_CC='gcc'
ac_ct_CXX='g++'
am__EXEEXT_FALSE=''
am__EXEEXT_TRUE='#'
am__fastdepCC_FALSE=''
am__fastdepCC_TRUE='#'
am__fastdepCXX_FALSE=''
am__fastdepCXX_TRUE='#'
am__include='include'
am__isrc=''
am__leading_dot='.'
am__nodep=''
am__quote=''
am__tar='$${TAR-tar} chof - "$$tardir"'
am__untar='$${TAR-tar} xf -'
bindir='${exec_prefix}/bin'
build_alias='i686-linux-gnu'
datadir='${datarootdir}'
datarootdir='${prefix}/share'
docdir='${datarootdir}/doc/${PACKAGE_TARNAME}'
dvidir='${docdir}'
exec_prefix='${prefix}'
host_alias=''
htmldir='${docdir}'
includedir='${prefix}/include'
infodir='${prefix}/share/info'
install_sh='${SHELL} /tmp/libvsl/install-sh'
libdir='${exec_prefix}/lib'
libexecdir='${prefix}/lib/libvsl'
localedir='${datarootdir}/locale'
localstatedir='/var'
mandir='${prefix}/share/man'
mkdir_p='/bin/mkdir -p'
oldincludedir='/usr/include'
pdfdir='${docdir}'
prefix='/usr'
program_transform_name='s,x,x,'
psdir='${docdir}'
sbindir='${exec_prefix}/sbin'
sharedstatedir='${prefix}/com'
subdirs=' vsocket'
sysconfdir='/etc'
target_alias=''

## ----------- ##
## confdefs.h. ##
## ----------- ##

/* confdefs.h */
#define PACKAGE_NAME "libvsl"
#define PACKAGE_TARNAME "libvsl"
#define PACKAGE_VERSION "0.0.4"
#define PACKAGE_STRING "libvsl 0.0.4"
#define PACKAGE_BUGREPORT "info@fortmax.se"
#define PACKAGE_URL ""
#define PACKAGE "libvsl"
#define VERSION "0.0.4"
#define HAVE_LIBCRYPTO 1
#define HAVE_LIBM 1
#define HAVE_LIBPTHREAD 1
#define HAVE_LIBRT 1
#define HAVE_LIBSSL 1
#define STDC_HEADERS 1
#define HAVE_SYS_TYPES_H 1
#define HAVE_SYS_STAT_H 1
#define HAVE_STDLIB_H 1
#define HAVE_STRING_H 1
#define HAVE_MEMORY_H 1
#define HAVE_STRINGS_H 1
#define HAVE_INTTYPES_H 1
#define HAVE_STDINT_H 1
#define HAVE_UNISTD_H 1
#define HAVE_ARPA_INET_H 1
#define HAVE_FCNTL_H 1
#define HAVE_MEMORY_H 1
#define HAVE_NETDB_H 1
#define HAVE_NETINET_IN_H 1
#define HAVE_STDINT_H 1
#define HAVE_STDLIB_H 1
#define HAVE_STRING_H 1
#define HAVE_SYS_IOCTL_H 1
#define HAVE_SYS_SOCKET_H 1
#define HAVE_SYS_TIME_H 1
#define HAVE_UNISTD_H 1
#define HAVE__BOOL 1
#define HAVE_STDLIB_H 1
#define HAVE_MALLOC 1
#define HAVE_DECL_STRERROR_R 1
#define HAVE_STRERROR_R 1
#define HAVE_ATEXIT 1
#define HAVE_BZERO 1
#define HAVE_GETHOSTBYNAME 1
#define HAVE_GETTIMEOFDAY 1
#define HAVE_INET_NTOA 1
#define HAVE_MEMSET 1
#define HAVE_POW 1
#define HAVE_SELECT 1
#define HAVE_SOCKET 1
#define HAVE_STRERROR 1

configure: exit 0
